{
  "stats": {
    "suites": 0,
    "tests": 1,
    "passes": 1,
    "pending": 0,
    "failures": 0,
    "start": "2023-06-14T08:14:16.571Z",
    "end": "2023-06-14T08:14:23.854Z",
    "duration": 7283,
    "testsRegistered": 1,
    "passPercent": 100,
    "pendingPercent": 0,
    "other": 0,
    "hasOther": false,
    "skipped": 0,
    "hasSkipped": false
  },
  "results": [
    {
      "uuid": "f10a87d0-b386-4967-9857-463f6293b811",
      "title": "",
      "fullFile": "cypress/e2e/Test.cy.js",
      "file": "cypress/e2e/Test.cy.js",
      "beforeHooks": [],
      "afterHooks": [],
      "tests": [
        {
          "title": "Google Search",
          "fullTitle": "Google Search",
          "timedOut": null,
          "duration": 3440,
          "state": "passed",
          "speed": "fast",
          "pass": true,
          "fail": false,
          "pending": false,
          "context": null,
          "code": "cy.visit('https://google.com');\ncy.get('.SDkEP').type(\"test\", \"{Enter}\");",
          "err": {},
          "uuid": "386935dc-4ecf-4d1f-a099-3ca2cd780a1b",
          "parentUUID": "f10a87d0-b386-4967-9857-463f6293b811",
          "isHook": false,
          "skipped": false
        }
      ],
      "suites": [],
      "passes": [
        "386935dc-4ecf-4d1f-a099-3ca2cd780a1b"
      ],
      "failures": [],
      "pending": [],
      "skipped": [],
      "duration": 3440,
      "root": true,
      "rootEmpty": false,
      "_timeout": 2000
    }
  ],
  "meta": {
    "mocha": {
      "version": "7.0.1"
    },
    "mochawesome": {
      "options": {
        "quiet": false,
        "reportFilename": "mochawesome",
        "saveHtml": false,
        "saveJson": true,
        "consoleReporter": "spec",
        "useInlineDiffs": false,
        "code": true
      },
      "version": "7.1.3"
    },
    "marge": {
      "options": {
        "charts": true,
        "overwrite": false,
        "html": false,
        "json": true,
        "reportDir": "cypress/report"
      },
      "version": "6.2.0"
    }
  }
}