{
  "stats": {
    "suites": 1,
    "tests": 1,
    "passes": 0,
    "pending": 0,
    "failures": 1,
    "start": "2023-06-14T08:15:04.856Z",
    "end": "2023-06-14T08:15:18.856Z",
    "duration": 14000,
    "testsRegistered": 1,
    "passPercent": 0,
    "pendingPercent": 0,
    "other": 0,
    "hasOther": false,
    "skipped": 0,
    "hasSkipped": false
  },
  "results": [
    {
      "uuid": "5730ca8c-81d6-47aa-b235-01c0348f0fd6",
      "title": "",
      "fullFile": "cypress/e2e/myfirsttest.cy.js",
      "file": "cypress/e2e/myfirsttest.cy.js",
      "beforeHooks": [],
      "afterHooks": [],
      "tests": [],
      "suites": [
        {
          "uuid": "931c029b-b083-4be5-8d2d-8ef4646f6c46",
          "title": "My First Testsuit",
          "fullFile": "",
          "file": "",
          "beforeHooks": [],
          "afterHooks": [],
          "tests": [
            {
              "title": "Verify title of the page",
              "fullTitle": "My First Testsuit Verify title of the page",
              "timedOut": null,
              "duration": 10050,
              "state": "failed",
              "speed": null,
              "pass": false,
              "fail": true,
              "pending": false,
              "context": null,
              "code": "cy.visit('https://www.nopcommerce.com/en');\ncy.title().should('eq', 'Free and open-source eCommerce platform');",
              "err": {
                "message": "AssertionError: Timed out retrying after 4000ms: expected 'Free and open-source eCommerce platform. ASP.NET Core based shopping cart. - nopCommerce' to equal 'Free and open-source eCommerce platform'",
                "estack": "AssertionError: Timed out retrying after 4000ms: expected 'Free and open-source eCommerce platform. ASP.NET Core based shopping cart. - nopCommerce' to equal 'Free and open-source eCommerce platform'\n    at Context.eval (webpack:///./cypress/e2e/myfirsttest.cy.js:7:19)",
                "diff": "- 'Free and open-source eCommerce platform. ASP.NET Core based shopping cart. - nopCommerce'\n+ 'Free and open-source eCommerce platform'\n"
              },
              "uuid": "f956425b-6ce2-4f75-83a0-597c6433cfee",
              "parentUUID": "931c029b-b083-4be5-8d2d-8ef4646f6c46",
              "isHook": false,
              "skipped": false
            }
          ],
          "suites": [],
          "passes": [],
          "failures": [
            "f956425b-6ce2-4f75-83a0-597c6433cfee"
          ],
          "pending": [],
          "skipped": [],
          "duration": 10050,
          "root": false,
          "rootEmpty": false,
          "_timeout": 2000
        }
      ],
      "passes": [],
      "failures": [],
      "pending": [],
      "skipped": [],
      "duration": 0,
      "root": true,
      "rootEmpty": true,
      "_timeout": 2000
    }
  ],
  "meta": {
    "mocha": {
      "version": "7.0.1"
    },
    "mochawesome": {
      "options": {
        "quiet": false,
        "reportFilename": "mochawesome",
        "saveHtml": false,
        "saveJson": true,
        "consoleReporter": "spec",
        "useInlineDiffs": false,
        "code": true
      },
      "version": "7.1.3"
    },
    "marge": {
      "options": {
        "charts": true,
        "overwrite": false,
        "html": false,
        "json": true,
        "reportDir": "cypress/report"
      },
      "version": "6.2.0"
    }
  }
}