{
  "stats": {
    "suites": 4,
    "tests": 4,
    "passes": 2,
    "pending": 0,
    "failures": 2,
    "testsRegistered": 4,
    "passPercent": 50,
    "pendingPercent": 0,
    "other": 0,
    "hasOther": false,
    "skipped": 0,
    "hasSkipped": false,
    "start": "2023-06-14T08:14:16.571Z",
    "end": "2023-06-14T08:15:38.669Z",
    "duration": 82098
  },
  "results": [
    {
      "uuid": "a6f1e1f6-71ab-45c5-8aef-0c577bfbfd9c",
      "title": "",
      "fullFile": "cypress/e2e/login.cy.js",
      "file": "cypress/e2e/login.cy.js",
      "beforeHooks": [],
      "afterHooks": [],
      "tests": [
        {
          "title": "FB login page ",
          "fullTitle": "FB login page ",
          "timedOut": null,
          "duration": 12458,
          "state": "failed",
          "speed": null,
          "pass": false,
          "fail": true,
          "pending": false,
          "context": null,
          "code": "cy.visit('https://www.facebook.com/');\ncy.get(':nth-child(2) > ._sv4').click();\ncy.get('[data-testid=\"open-registration-form-button\"]').click();\nsignup.Enterfirstname('sanober');\nsignup.Enterlastname('Rafique');\nsignup.Enteremail('sanoberrafique49@gmail.com');\nsignup.Enterconfirmemail('sanoberrafique49@gmail.com');\nsignup.EnterPassword('sanober123*');\nsignup.SelectDay('14');\nsignup.SelectMonth('Oct');\nsignup.SelectYear('1998');\nsignup.Checkgender('1');\nsignup.Clicksignup();\n//  signup.Enterlastname()\n//  signup.Enteremail()\n//  signup.Enterconfirmemail()\n//\n// cy.get('input[name=\"firstname\"]').type('sanober')\n// cy.get('input[name=\"lastname\"]').type('rafique')\n// cy.get('input[name=\"reg_email__\"]').type('sanoberrafique49@gmail.com')\n// cy.get('input[name=\"reg_email_confirmation__\"]').type('sanoberrafique49@gmail.com')\n// cy.get('input[name=\"reg_passwd__\"]').type('Sanober123*')\n// cy.get(\"#day\").select('14')\n// cy.get(\"#month\").select('Oct')\n// cy.get(\"#year\").select('1998')\n// cy.get('[type=\"radio\"]').check('1')\n// cy.get(\"#u_3_s_05\").submit()//\n// it('fb signup', () => {\n//     cy.visit ('https://www.facebook.com/')\n//     cy.get(':nth-child(2) > ._sv4').click()\n//     cy.get('.signup_box_content > ._42ft').click()",
          "err": {
            "message": "AssertionError: Timed out retrying after 4000ms: Expected to find element: `#u_2_s_n9`, but never found it.",
            "estack": "AssertionError: Timed out retrying after 4000ms: Expected to find element: `#u_2_s_n9`, but never found it.\n    at sign_up.Clicksignup (webpack:///./cypress/e2e/pages/signup page.js:62:11)\n    at Context.eval (webpack:///./cypress/e2e/login.cy.js:20:12)",
            "diff": null
          },
          "uuid": "8b270e30-4cea-454b-b547-00ac9a147523",
          "parentUUID": "a6f1e1f6-71ab-45c5-8aef-0c577bfbfd9c",
          "isHook": false,
          "skipped": false
        }
      ],
      "suites": [],
      "passes": [],
      "failures": [
        "8b270e30-4cea-454b-b547-00ac9a147523"
      ],
      "pending": [],
      "skipped": [],
      "duration": 12458,
      "root": true,
      "rootEmpty": false,
      "_timeout": 2000
    },
    {
      "uuid": "5730ca8c-81d6-47aa-b235-01c0348f0fd6",
      "title": "",
      "fullFile": "cypress/e2e/myfirsttest.cy.js",
      "file": "cypress/e2e/myfirsttest.cy.js",
      "beforeHooks": [],
      "afterHooks": [],
      "tests": [],
      "suites": [
        {
          "uuid": "931c029b-b083-4be5-8d2d-8ef4646f6c46",
          "title": "My First Testsuit",
          "fullFile": "",
          "file": "",
          "beforeHooks": [],
          "afterHooks": [],
          "tests": [
            {
              "title": "Verify title of the page",
              "fullTitle": "My First Testsuit Verify title of the page",
              "timedOut": null,
              "duration": 10050,
              "state": "failed",
              "speed": null,
              "pass": false,
              "fail": true,
              "pending": false,
              "context": null,
              "code": "cy.visit('https://www.nopcommerce.com/en');\ncy.title().should('eq', 'Free and open-source eCommerce platform');",
              "err": {
                "message": "AssertionError: Timed out retrying after 4000ms: expected 'Free and open-source eCommerce platform. ASP.NET Core based shopping cart. - nopCommerce' to equal 'Free and open-source eCommerce platform'",
                "estack": "AssertionError: Timed out retrying after 4000ms: expected 'Free and open-source eCommerce platform. ASP.NET Core based shopping cart. - nopCommerce' to equal 'Free and open-source eCommerce platform'\n    at Context.eval (webpack:///./cypress/e2e/myfirsttest.cy.js:7:19)",
                "diff": "- 'Free and open-source eCommerce platform. ASP.NET Core based shopping cart. - nopCommerce'\n+ 'Free and open-source eCommerce platform'\n"
              },
              "uuid": "f956425b-6ce2-4f75-83a0-597c6433cfee",
              "parentUUID": "931c029b-b083-4be5-8d2d-8ef4646f6c46",
              "isHook": false,
              "skipped": false
            }
          ],
          "suites": [],
          "passes": [],
          "failures": [
            "f956425b-6ce2-4f75-83a0-597c6433cfee"
          ],
          "pending": [],
          "skipped": [],
          "duration": 10050,
          "root": false,
          "rootEmpty": false,
          "_timeout": 2000
        }
      ],
      "passes": [],
      "failures": [],
      "pending": [],
      "skipped": [],
      "duration": 0,
      "root": true,
      "rootEmpty": true,
      "_timeout": 2000
    },
    {
      "uuid": "3f58a966-298a-400b-8865-021f87204c63",
      "title": "",
      "fullFile": "cypress/e2e/spec.cy.js",
      "file": "cypress/e2e/spec.cy.js",
      "beforeHooks": [],
      "afterHooks": [],
      "tests": [],
      "suites": [
        {
          "uuid": "be437a20-c0da-423f-957f-e1b576903776",
          "title": "template spec",
          "fullFile": "",
          "file": "",
          "beforeHooks": [],
          "afterHooks": [],
          "tests": [
            {
              "title": "passes",
              "fullTitle": "template spec passes",
              "timedOut": null,
              "duration": 2112,
              "state": "passed",
              "speed": "fast",
              "pass": true,
              "fail": false,
              "pending": false,
              "context": null,
              "code": "cy.visit('https://example.cypress.io');",
              "err": {},
              "uuid": "c48ca715-58f2-49cd-9f51-9cfc419a4f4f",
              "parentUUID": "be437a20-c0da-423f-957f-e1b576903776",
              "isHook": false,
              "skipped": false
            }
          ],
          "suites": [],
          "passes": [
            "c48ca715-58f2-49cd-9f51-9cfc419a4f4f"
          ],
          "failures": [],
          "pending": [],
          "skipped": [],
          "duration": 2112,
          "root": false,
          "rootEmpty": false,
          "_timeout": 2000
        }
      ],
      "passes": [],
      "failures": [],
      "pending": [],
      "skipped": [],
      "duration": 0,
      "root": true,
      "rootEmpty": true,
      "_timeout": 2000
    },
    {
      "uuid": "f10a87d0-b386-4967-9857-463f6293b811",
      "title": "",
      "fullFile": "cypress/e2e/Test.cy.js",
      "file": "cypress/e2e/Test.cy.js",
      "beforeHooks": [],
      "afterHooks": [],
      "tests": [
        {
          "title": "Google Search",
          "fullTitle": "Google Search",
          "timedOut": null,
          "duration": 3440,
          "state": "passed",
          "speed": "fast",
          "pass": true,
          "fail": false,
          "pending": false,
          "context": null,
          "code": "cy.visit('https://google.com');\ncy.get('.SDkEP').type(\"test\", \"{Enter}\");",
          "err": {},
          "uuid": "386935dc-4ecf-4d1f-a099-3ca2cd780a1b",
          "parentUUID": "f10a87d0-b386-4967-9857-463f6293b811",
          "isHook": false,
          "skipped": false
        }
      ],
      "suites": [],
      "passes": [
        "386935dc-4ecf-4d1f-a099-3ca2cd780a1b"
      ],
      "failures": [],
      "pending": [],
      "skipped": [],
      "duration": 3440,
      "root": true,
      "rootEmpty": false,
      "_timeout": 2000
    }
  ],
  "meta": {
    "mocha": {
      "version": "7.0.1"
    },
    "mochawesome": {
      "options": {
        "quiet": false,
        "reportFilename": "mochawesome",
        "saveHtml": false,
        "saveJson": true,
        "consoleReporter": "spec",
        "useInlineDiffs": false,
        "code": true
      },
      "version": "7.1.3"
    },
    "marge": {
      "options": {
        "charts": true,
        "overwrite": false,
        "html": false,
        "json": true,
        "reportDir": "cypress/report"
      },
      "version": "6.2.0"
    }
  }
}